18:49:11	->	Unsuccessful attempt to use pass-man made
18:49:11	->	Sent mail to alert user
18:50:21	->	Unsuccessful attempt to use pass-man made
18:50:21	->	Sent mail to alert user
18:50:52	->	Changed mail-id
18:51:09	->	Unsuccessful attempt to use pass-man made
18:51:09	->	Failed to send mail to alert user
18:51:28	->	Unsuccessful attempt to use pass-man made
18:51:28	->	Failed to send mail to alert user
18:52:09	->	Unsuccessful attempt to use pass-man made
18:52:09	->	Failed to send mail to alert user
18:52:40	->	Changed mail-id
18:52:58	->	Unsuccessful attempt to use pass-man made
18:52:58	->	Sent mail to alert user
19:20:34	->	Unsuccessful attempt to use pass-man made
19:20:34	->	Failed to send mail to alert user
19:21:10	->	Changed mail-id
19:21:26	->	Unsuccessful attempt to use pass-man made
19:21:26	->	Sent mail to alert user
19:21:47	->	Retrieved list of store passwords(Reference names only)
23:24:37	->	Retrieved list of store passwords(Reference names only)
23:39:30	->	Retrieved list of store passwords(Reference names only)
23:40:32	->	Retrieved list of store passwords(Reference names only)
23:49:10	->	Changed authorization key
23:49:17	->	Retrieved list of store passwords(Reference names only)
23:49:38	->	Retrieved password with reference name : 2271354938531327459
23:51:19	->	Unsuccessful attempt to use pass-man made
23:51:19	->	Sent mail to alert user
23:51:23	->	Retrieved password with reference name : 2271361535601096725
23:51:34	->	Retrieved list of store passwords(Reference names only)
